<?xml version="1.0" encoding="UTF-8"?>
<!-- Generated by org.testng.reporters.JUnitReportReporter -->
<testsuite skipped="0" hostname="DESKTOP-TBSD3T7" name="com.rockSolicitors.tests.MakePaymentTest" tests="3" failures="0" timestamp="2021-04-14T17:58:57 BST" time="4.601" errors="0">
  <testcase name="validatePageUrl" time="4.599" classname="com.rockSolicitors.tests.MakePaymentTest"/>
  <system-out/>
  <testcase name="validatePageTitle" time="0.001" classname="com.rockSolicitors.tests.MakePaymentTest"/>
  <system-out/>
  <testcase name="validateReferenceNumberField" time="0.001" classname="com.rockSolicitors.tests.MakePaymentTest"/>
  <system-out/>
</testsuite> <!-- com.rockSolicitors.tests.MakePaymentTest -->
