<?xml version="1.0" encoding="UTF-8"?>
<!-- Generated by org.testng.reporters.JUnitReportReporter -->
<testsuite hostname="DESKTOP-TBSD3T7" failures="0" tests="2" name="com.rockSolicitors.tests.MakeAnEnquiryTest" time="12.422" errors="0" timestamp="2021-06-26T01:22:52 BST" skipped="0">
  <testcase classname="com.rockSolicitors.tests.MakeAnEnquiryTest" name="validateMakeEnquiryForm" time="4.234"/>
  <system-out/>
  <testcase classname="com.rockSolicitors.tests.MakeAnEnquiryTest" name="validateMakeEnquiryFormFields" time="8.188"/>
  <system-out/>
</testsuite> <!-- com.rockSolicitors.tests.MakeAnEnquiryTest -->
