<?xml version="1.0" encoding="UTF-8"?>
<!-- Generated by org.testng.reporters.JUnitReportReporter -->
<testsuite skipped="0" hostname="DESKTOP-TBSD3T7" name="com.rockSolicitors.tests.ViewPriceListTest" tests="4" failures="0" timestamp="2021-04-14T17:58:57 BST" time="19.431" errors="0">
  <testcase name="validatePriceListPage" time="12.780" classname="com.rockSolicitors.tests.ViewPriceListTest"/>
  <system-out/>
  <testcase name="validateWillsPowerOfAttorneyWillsPage" time="2.369" classname="com.rockSolicitors.tests.ViewPriceListTest"/>
  <system-out/>
  <testcase name="validatePurchaseOfBusinessAndFranchise" time="2.203" classname="com.rockSolicitors.tests.ViewPriceListTest"/>
  <system-out/>
  <testcase name="validateConveyancingAndPropertyPage" time="2.079" classname="com.rockSolicitors.tests.ViewPriceListTest"/>
  <system-out/>
</testsuite> <!-- com.rockSolicitors.tests.ViewPriceListTest -->
