<?xml version="1.0" encoding="UTF-8"?>
<!-- Generated by org.testng.reporters.JUnitReportReporter -->
<testsuite skipped="0" hostname="DESKTOP-TBSD3T7" name="com.rockSolicitors.tests.MakeAnEnquiryTest" tests="2" failures="0" timestamp="2021-04-14T17:58:57 BST" time="13.894" errors="0">
  <testcase name="validateMakeEnquiryForm" time="4.149" classname="com.rockSolicitors.tests.MakeAnEnquiryTest"/>
  <system-out/>
  <testcase name="validateMakeEnquiryFormFields" time="9.745" classname="com.rockSolicitors.tests.MakeAnEnquiryTest"/>
  <system-out/>
</testsuite> <!-- com.rockSolicitors.tests.MakeAnEnquiryTest -->
