<?xml version="1.0" encoding="UTF-8"?>
<!-- Generated by org.testng.reporters.JUnitReportReporter -->
<testsuite skipped="0" hostname="DESKTOP-TBSD3T7" name="com.rockSolicitors.tests.BookAnAppointmentTest" tests="1" failures="0" timestamp="2021-04-14T17:58:57 BST" time="8.985" errors="0">
  <testcase name="validateBookAnAppointmentPageUrl" time="8.985" classname="com.rockSolicitors.tests.BookAnAppointmentTest"/>
  <system-out/>
</testsuite> <!-- com.rockSolicitors.tests.BookAnAppointmentTest -->
