<?xml version="1.0" encoding="UTF-8"?>
<!-- Generated by org.testng.reporters.JUnitReportReporter -->
<testsuite skipped="0" hostname="DESKTOP-TBSD3T7" name="com.rockSolicitors.tests.RecommendUsTest" tests="4" failures="0" timestamp="2021-04-14T17:58:57 BST" time="39.119" errors="0">
  <testcase name="validateButtonsOnReferToAFriendPage" time="17.852" classname="com.rockSolicitors.tests.RecommendUsTest"/>
  <system-out/>
  <testcase name="validateMessagePreview" time="3.827" classname="com.rockSolicitors.tests.RecommendUsTest"/>
  <system-out/>
  <testcase name="validateYourFriendDetailsWarnings" time="11.821" classname="com.rockSolicitors.tests.RecommendUsTest"/>
  <system-out/>
  <testcase name="validateYourDetailsWarnings" time="5.619" classname="com.rockSolicitors.tests.RecommendUsTest"/>
  <system-out/>
</testsuite> <!-- com.rockSolicitors.tests.RecommendUsTest -->
