<?xml version="1.0" encoding="UTF-8"?>
<!-- Generated by org.testng.reporters.JUnitReportReporter -->
<testsuite skipped="0" hostname="DESKTOP-TBSD3T7" name="com.rockSolicitors.tests.ProvideInformationTest" tests="1" failures="0" timestamp="2021-04-14T17:58:57 BST" time="69.067" errors="0">
  <testcase name="validateOnboardFormsUrl" time="69.067" classname="com.rockSolicitors.tests.ProvideInformationTest"/>
  <system-out/>
</testsuite> <!-- com.rockSolicitors.tests.ProvideInformationTest -->
