<?xml version="1.0" encoding="UTF-8"?>
<!-- Generated by org.testng.reporters.JUnitReportReporter -->
<testsuite hostname="DESKTOP-TBSD3T7" failures="0" tests="2" name="com.rockSolicitors.tests.MakeAnEnquiryTest" time="10.273" errors="0" timestamp="2021-04-20T09:15:03 BST" skipped="0">
  <testcase classname="com.rockSolicitors.tests.MakeAnEnquiryTest" name="validateMakeEnquiryForm" time="2.884"/>
  <system-out/>
  <testcase classname="com.rockSolicitors.tests.MakeAnEnquiryTest" name="validateMakeEnquiryFormFields" time="7.389"/>
  <system-out/>
</testsuite> <!-- com.rockSolicitors.tests.MakeAnEnquiryTest -->
